<?xml version="1.0" encoding="UTF-8"?>
<testng-results ignored="0" total="2" passed="2" failed="0" skipped="0">
  <reporter-output>
  </reporter-output>
  <suite started-at="2024-04-06T18:35:53 IST" name="Default suite" finished-at="2024-04-06T18:36:07 IST" duration-ms="13471">
    <groups>
    </groups>
    <test started-at="2024-04-06T18:35:53 IST" name="Default test" finished-at="2024-04-06T18:36:07 IST" duration-ms="13471">
      <class name="april4th.AdvanceReports">
        <test-method is-config="true" signature="generateReports()[pri:0, instance:april4th.AdvanceReports@305ffe9e]" started-at="2024-04-06T18:35:53 IST" name="generateReports" finished-at="2024-04-06T18:35:53 IST" duration-ms="292" status="PASS">
          <reporter-output>
          </reporter-output>
        </test-method> <!-- generateReports -->
        <test-method is-config="true" signature="setUp()[pri:0, instance:april4th.AdvanceReports@305ffe9e]" started-at="2024-04-06T18:35:53 IST" name="setUp" finished-at="2024-04-06T18:36:00 IST" duration-ms="6906" status="PASS">
          <reporter-output>
          </reporter-output>
        </test-method> <!-- setUp -->
        <test-method signature="failTest()[pri:0, instance:april4th.AdvanceReports@305ffe9e]" started-at="2024-04-06T18:36:00 IST" name="failTest" finished-at="2024-04-06T18:36:00 IST" duration-ms="33" status="PASS">
          <reporter-output>
          </reporter-output>
        </test-method> <!-- failTest -->
        <test-method is-config="true" signature="tearDown()[pri:0, instance:april4th.AdvanceReports@305ffe9e]" started-at="2024-04-06T18:36:00 IST" name="tearDown" finished-at="2024-04-06T18:36:01 IST" duration-ms="537" status="PASS">
          <reporter-output>
          </reporter-output>
        </test-method> <!-- tearDown -->
        <test-method is-config="true" signature="setUp()[pri:0, instance:april4th.AdvanceReports@305ffe9e]" started-at="2024-04-06T18:36:01 IST" name="setUp" finished-at="2024-04-06T18:36:06 IST" duration-ms="5244" status="PASS">
          <reporter-output>
          </reporter-output>
        </test-method> <!-- setUp -->
        <test-method signature="passTest()[pri:0, instance:april4th.AdvanceReports@305ffe9e]" started-at="2024-04-06T18:36:06 IST" name="passTest" finished-at="2024-04-06T18:36:06 IST" duration-ms="18" status="PASS">
          <reporter-output>
          </reporter-output>
        </test-method> <!-- passTest -->
        <test-method is-config="true" signature="tearDown()[pri:0, instance:april4th.AdvanceReports@305ffe9e]" started-at="2024-04-06T18:36:06 IST" name="tearDown" finished-at="2024-04-06T18:36:07 IST" duration-ms="367" status="PASS">
          <reporter-output>
          </reporter-output>
        </test-method> <!-- tearDown -->
      </class> <!-- april4th.AdvanceReports -->
    </test> <!-- Default test -->
  </suite> <!-- Default suite -->
</testng-results>
